ERROR - 2025-12-03 13:21:08 --> User creation failed: Failed to create student record.
CRITICAL - 2025-12-03 13:36:46 --> ErrorException: Undefined array key "name"
[Method: GET, Route: admin/manage_users]
in APPPATH\Views\admin\manage_users.php on line 364.
 1 APPPATH\Views\admin\manage_users.php(364): CodeIgniter\Debug\Exceptions->errorHandler(2, 'Undefined array key "name"', 'C:\\xampp\\htdocs\\ITE311-ALEJADO\\app\\Views\\admin\\manage_users.php', 364)
 2 SYSTEMPATH\View\View.php(226): include('C:\\xampp\\htdocs\\ITE311-ALEJADO\\app\\Views\\admin\\manage_users.php')
 3 SYSTEMPATH\View\View.php(229): CodeIgniter\View\View->CodeIgniter\View\{closure}()
 4 SYSTEMPATH\Common.php(1167): CodeIgniter\View\View->render('admin/manage_users', [], true)
 5 APPPATH\Controllers\User.php(497): view('admin/manage_users', [...])
 6 APPPATH\Controllers\User.php(82): App\Controllers\User->displayUserManagement('1')
 7 SYSTEMPATH\CodeIgniter.php(933): App\Controllers\User->manageUsers()
 8 SYSTEMPATH\CodeIgniter.php(507): CodeIgniter\CodeIgniter->runController(Object(App\Controllers\User))
 9 SYSTEMPATH\CodeIgniter.php(354): CodeIgniter\CodeIgniter->handleRequest(null, Object(Config\Cache), false)
10 SYSTEMPATH\Boot.php(363): CodeIgniter\CodeIgniter->run()
11 SYSTEMPATH\Boot.php(68): CodeIgniter\Boot::runCodeIgniter(Object(CodeIgniter\CodeIgniter))
12 FCPATH\index.php(204): CodeIgniter\Boot::bootWeb(Object(Config\Paths))
CRITICAL - 2025-12-03 13:55:14 --> CodeIgniter\View\Exceptions\ViewException: Invalid file: "templates/footer.php"
[Method: GET, Route: admin/manage_departments]
in SYSTEMPATH\Exceptions\FrameworkException.php on line 39.
 1 SYSTEMPATH\View\View.php(214): CodeIgniter\Exceptions\FrameworkException::forInvalidFile('templates/footer.php')
 2 SYSTEMPATH\View\View.php(475): CodeIgniter\View\View->render('templates/footer', null, true)
 3 APPPATH\Views\admin\manage_departments.php(335): CodeIgniter\View\View->include('templates/footer')
 4 SYSTEMPATH\View\View.php(226): include('C:\\xampp\\htdocs\\ITE311-ALEJADO\\app\\Views\\admin\\manage_departments.php')
 5 SYSTEMPATH\View\View.php(229): CodeIgniter\View\View->CodeIgniter\View\{closure}()
 6 SYSTEMPATH\Common.php(1167): CodeIgniter\View\View->render('admin/manage_departments', [], true)
 7 APPPATH\Controllers\Department.php(352): view('admin/manage_departments', [...])
 8 APPPATH\Controllers\Department.php(79): App\Controllers\Department->displayDepartmentManagement()
 9 SYSTEMPATH\CodeIgniter.php(933): App\Controllers\Department->manageDepartments()
10 SYSTEMPATH\CodeIgniter.php(507): CodeIgniter\CodeIgniter->runController(Object(App\Controllers\Department))
11 SYSTEMPATH\CodeIgniter.php(354): CodeIgniter\CodeIgniter->handleRequest(null, Object(Config\Cache), false)
12 SYSTEMPATH\Boot.php(363): CodeIgniter\CodeIgniter->run()
13 SYSTEMPATH\Boot.php(68): CodeIgniter\Boot::runCodeIgniter(Object(CodeIgniter\CodeIgniter))
14 FCPATH\index.php(204): CodeIgniter\Boot::bootWeb(Object(Config\Paths))
ERROR - 2025-12-03 14:42:37 --> mysqli_sql_exception: Can't DROP 'students_program_id_fk'; check that column/key exists in C:\xampp\htdocs\ITE311-ALEJADO\system\Database\MySQLi\Connection.php:327
Stack trace:
#0 C:\xampp\htdocs\ITE311-ALEJADO\system\Database\MySQLi\Connection.php(327): mysqli->query('ALTER TABLE `st...', 0)
#1 C:\xampp\htdocs\ITE311-ALEJADO\system\Database\BaseConnection.php(729): CodeIgniter\Database\MySQLi\Connection->execute('ALTER TABLE `st...')
#2 C:\xampp\htdocs\ITE311-ALEJADO\system\Database\BaseConnection.php(646): CodeIgniter\Database\BaseConnection->simpleQuery('ALTER TABLE `st...')
#3 C:\xampp\htdocs\ITE311-ALEJADO\system\Database\Forge.php(539): CodeIgniter\Database\BaseConnection->query('ALTER TABLE `st...')
#4 C:\xampp\htdocs\ITE311-ALEJADO\app\Database\Migrations\2025-12-02-120838_AddProgramIdToStudentsTable.php(37): CodeIgniter\Database\Forge->dropForeignKey('students', 'students_progra...')
#5 C:\xampp\htdocs\ITE311-ALEJADO\system\Database\MigrationRunner.php(876): App\Database\Migrations\AddProgramIdToStudentsTable->down()
#6 C:\xampp\htdocs\ITE311-ALEJADO\system\Database\MigrationRunner.php(289): CodeIgniter\Database\MigrationRunner->migrate('down', Object(stdClass))
#7 C:\xampp\htdocs\ITE311-ALEJADO\system\Commands\Database\MigrateRollback.php(101): CodeIgniter\Database\MigrationRunner->regress(0)
#8 C:\xampp\htdocs\ITE311-ALEJADO\system\CLI\Commands.php(74): CodeIgniter\Commands\Database\MigrateRollback->run(Array)
#9 C:\xampp\htdocs\ITE311-ALEJADO\system\CLI\BaseCommand.php(119): CodeIgniter\CLI\Commands->run('migrate:rollbac...', Array)
#10 C:\xampp\htdocs\ITE311-ALEJADO\system\Commands\Database\MigrateRefresh.php(86): CodeIgniter\CLI\BaseCommand->call('migrate:rollbac...', Array)
#11 C:\xampp\htdocs\ITE311-ALEJADO\system\CLI\Commands.php(74): CodeIgniter\Commands\Database\MigrateRefresh->run(Array)
#12 C:\xampp\htdocs\ITE311-ALEJADO\system\CLI\Console.php(47): CodeIgniter\CLI\Commands->run('migrate:refresh', Array)
#13 C:\xampp\htdocs\ITE311-ALEJADO\system\Boot.php(388): CodeIgniter\CLI\Console->run()
#14 C:\xampp\htdocs\ITE311-ALEJADO\system\Boot.php(133): CodeIgniter\Boot::runCommand(Object(CodeIgniter\CLI\Console))
#15 C:\xampp\htdocs\ITE311-ALEJADO\spark(87): CodeIgniter\Boot::bootSpark(Object(Config\Paths))
#16 {main}
CRITICAL - 2025-12-03 15:24:54 --> ErrorException: Undefined array key "term_name"
[Method: GET, Route: admin/manage_offerings]
in APPPATH\Views\admin\manage_offerings.php on line 386.
 1 APPPATH\Views\admin\manage_offerings.php(386): CodeIgniter\Debug\Exceptions->errorHandler(2, 'Undefined array key "term_name"', 'C:\\xampp\\htdocs\\ITE311-ALEJADO\\app\\Views\\admin\\manage_offerings.php', 386)
 2 SYSTEMPATH\View\View.php(226)CRITICAL - 2025-12-03 15:18:34 --> CodeIgniter\View\Exceptions\ViewException: Invalid file: "templates/footer.php"
[Method: GET, Route: admin/manage_offerings]
in SYSTEMPATH\Exceptions\FrameworkException.php on line 39.
 1 SYSTEMPATH\View\View.php(214): CodeIgniter\Exceptions\FrameworkException::forInvalidFile('templates/footer.php')
 2 SYSTEMPATH\View\View.php(475): CodeIgniter\View\View->render('templates/footer', null, true)
 3 APPPATH\Views\admin\manage_offerings.php(495): CodeIgniter\View\View->include('templates/footer')
 4 SYSTEMPATH\View\View.php(226): include('C:\\xampp\\htdocs\\ITE311-ALEJADO\\app\\Views\\admin\\manage_offerings.php')
 5 SYSTEMPATH\View\View.php(229): CodeIgniter\View\View->CodeIgniter\View\{closure}()
 6 SYSTEMPATH\Common.php(1167): CodeIgniter\View\View->render('admin/manage_offerings', [], true)
 7 APPPATH\Controllers\CourseOfferings.php(360): view('admin/manage_offerings', [...])
 8 APPPATH\Controllers\CourseOfferings.php(80): App\Controllers\CourseOfferings->displayOfferingManagement(null)
 9 SYSTEMPATH\CodeIgniter.php(933): App\Controllers\CourseOfferings->manageOfferings()
10 SYSTEMPATH\CodeIgniter.php(507): CodeIgniter\CodeIgniter->runController(Object(App\Controllers\CourseOfferings))
11 SYSTEMPATH\CodeIgniter.php(354): CodeIgniter\CodeIgniter->handleRequest(null, Object(Config\Cache), false)
12 SYSTEMPATH\Boot.php(363): CodeIgniter\CodeIgniter->run()
13 SYSTEMPATH\Boot.php(68): CodeIgniter\Boot::runCodeIgniter(Object(CodeIgniter\CodeIgniter))
14 FCPATH\index.php(204): CodeIgniter\Boot::bootWeb(Object(Config\Paths))
: include('C:\\xampp\\htdocs\\ITE311-ALEJADO\\app\\Views\\admin\\manage_offerings.php')
 3 SYSTEMPATH\View\View.php(229): CodeIgniter\View\View->CodeIgniter\View\{closure}()
 4 SYSTEMPATH\Common.php(1167): CodeIgniter\View\View->render('admin/manage_offerings', [], true)
 5 APPPATH\Controllers\CourseOfferings.php(360): view('admin/manage_offerings', [...])
 6 APPPATH\Controllers\CourseOfferings.php(80): App\Controllers\CourseOfferings->displayOfferingManagement('1')
 7 SYSTEMPATH\CodeIgniter.php(933): App\Controllers\CourseOfferings->manageOfferings()
 8 SYSTEMPATH\CodeIgniter.php(507): CodeIgniter\CodeIgniter->runController(Object(App\Controllers\CourseOfferings))
 9 SYSTEMPATH\CodeIgniter.php(354): CodeIgniter\CodeIgniter->handleRequest(null, Object(Config\Cache), false)
10 SYSTEMPATH\Boot.php(363): CodeIgniter\CodeIgniter->run()
11 SYSTEMPATH\Boot.php(68): CodeIgniter\Boot::runCodeIgniter(Object(CodeIgniter\CodeIgniter))
12 FCPATH\index.php(204): CodeIgniter\Boot::bootWeb(Object(Config\Paths))
CRITICAL - 2025-12-03 15:30:43 --> CodeIgniter\Exceptions\InvalidArgumentException: $rules must be of type string|array
[Method: GET, Route: admin/manage_offerings]
in SYSTEMPATH\Validation\Validation.php on line 550.
 1 APPPATH\Controllers\CourseOfferings.php(33): CodeIgniter\Validation\Validation->setRule('check_future_date', 'Check Future Date', Object(Closure))
 2 SYSTEMPATH\CodeIgniter.php(903): App\Controllers\CourseOfferings->__construct()
 3 SYSTEMPATH\CodeIgniter.php(498): CodeIgniter\CodeIgniter->createController()
 4 SYSTEMPATH\CodeIgniter.php(354): CodeIgniter\CodeIgniter->handleRequest(null, Object(Config\Cache), false)
 5 SYSTEMPATH\Boot.php(363): CodeIgniter\CodeIgniter->run()
 6 SYSTEMPATH\Boot.php(68): CodeIgniter\Boot::runCodeIgniter(Object(CodeIgniter\CodeIgniter))
 7 FCPATH\index.php(204): CodeIgniter\Boot::bootWeb(Object(Config\Paths))
CRITICAL - 2025-12-03 15:33:14 --> ErrorException: Undefined variable $selectedTerm
[Method: GET, Route: admin/manage_offerings]
in APPPATH\Views\admin\manage_offerings.php on line 121.
 1 APPPATH\Views\admin\manage_offerings.php(121): CodeIgniter\Debug\Exceptions->errorHandler(2, 'Undefined variable $selectedTerm', 'C:\\xampp\\htdocs\\ITE311-ALEJADO\\app\\Views\\admin\\manage_offerings.php', 121)
 2 SYSTEMPATH\View\View.php(226): include('C:\\xampp\\htdocs\\ITE311-ALEJADO\\app\\Views\\admin\\manage_offerings.php')
 3 SYSTEMPATH\View\View.php(229): CodeIgniter\View\View->CodeIgniter\View\{closure}()
 4 SYSTEMPATH\Common.php(1167): CodeIgniter\View\View->render('admin/manage_offerings', [], true)
 5 APPPATH\Controllers\CourseOfferings.php(257): view('admin/manage_offerings', [...])
 6 APPPATH\Controllers\CourseOfferings.php(66): App\Controllers\CourseOfferings->editOffering('1')
 7 SYSTEMPATH\CodeIgniter.php(933): App\Controllers\CourseOfferings->manageOfferings()
 8 SYSTEMPATH\CodeIgniter.php(507): CodeIgniter\CodeIgniter->runController(Object(App\Controllers\CourseOfferings))
 9 SYSTEMPATH\CodeIgniter.php(354): CodeIgniter\CodeIgniter->handleRequest(null, Object(Config\Cache), false)
10 SYSTEMPATH\Boot.php(363): CodeIgniter\CodeIgniter->run()
11 SYSTEMPATH\Boot.php(68): CodeIgniter\Boot::runCodeIgniter(Object(CodeIgniter\CodeIgniter))
12 FCPATH\index.php(204): CodeIgniter\Boot::bootWeb(Object(Config\Paths))
CRITICAL - 2025-12-03 15:56:46 --> CodeIgniter\View\Exceptions\ViewException: Invalid file: "templates/footer.php"
[Method: GET, Route: admin/manage_terms]
in SYSTEMPATH\Exceptions\FrameworkException.php on line 39.
 1 SYSTEMPATH\View\View.php(214): CodeIgniter\Exceptions\FrameworkException::forInvalidFile('templates/footer.php')
 2 SYSTEMPATH\Common.php(1167): CodeIgniter\View\View->render('templates/footer', [], true)
 3 APPPATH\Views\admin\manage_terms.php(489): view('templates/footer')
 4 SYSTEMPATH\View\View.php(226): include('C:\\xampp\\htdocs\\ITE311-ALEJADO\\app\\Views\\admin\\manage_terms.php')
 5 SYSTEMPATH\View\View.php(229): CodeIgniter\View\View->CodeIgniter\View\{closure}()
 6 SYSTEMPATH\Common.php(1167): CodeIgniter\View\View->render('admin/manage_terms', [], true)
 7 APPPATH\Controllers\Term.php(357): view('admin/manage_terms', [...])
 8 APPPATH\Controllers\Term.php(83): App\Controllers\Term->displayTermManagement()
 9 SYSTEMPATH\CodeIgniter.php(933): App\Controllers\Term->manageTerms()
10 SYSTEMPATH\CodeIgniter.php(507): CodeIgniter\CodeIgniter->runController(Object(App\Controllers\Term))
11 SYSTEMPATH\CodeIgniter.php(354): CodeIgniter\CodeIgniter->handleRequest(null, Object(Config\Cache), false)
12 SYSTEMPATH\Boot.php(363): CodeIgniter\CodeIgniter->run()
13 SYSTEMPATH\Boot.php(68): CodeIgniter\Boot::runCodeIgniter(Object(CodeIgniter\CodeIgniter))
14 FCPATH\index.php(204): CodeIgniter\Boot::bootWeb(Object(Config\Paths))
