ERROR - 2025-12-13 12:40:30 --> Student materials browser error: Invalid file: "templates/footer.php"
ERROR - 2025-12-13 12:40:30 --> Stack trace: #0 C:\xampp\htdocs\ITE311-ALEJADO\system\View\View.php(214): CodeIgniter\Exceptions\FrameworkException::forInvalidFile('templates/foote...')
#1 C:\xampp\htdocs\ITE311-ALEJADO\system\Common.php(1167): CodeIgniter\View\View->render('templates/foote...', Array, true)
#2 C:\xampp\htdocs\ITE311-ALEJADO\app\Views\student\materials.php(303): view('templates/foote...')
#3 C:\xampp\htdocs\ITE311-ALEJADO\system\View\View.php(226): include('C:\\xampp\\htdocs...')
#4 C:\xampp\htdocs\ITE311-ALEJADO\system\View\View.php(229): CodeIgniter\View\View->CodeIgniter\View\{closure}()
#5 C:\xampp\htdocs\ITE311-ALEJADO\system\Common.php(1167): CodeIgniter\View\View->render('student/materia...', Array, true)
#6 C:\xampp\htdocs\ITE311-ALEJADO\app\Controllers\Auth.php(1209): view('student/materia...', Array)
#7 C:\xampp\htdocs\ITE311-ALEJADO\system\CodeIgniter.php(933): App\Controllers\Auth->studentMaterials()
#8 C:\xampp\htdocs\ITE311-ALEJADO\system\CodeIgniter.php(507): CodeIgniter\CodeIgniter->runController(Object(App\Controllers\Auth))
#9 C:\xampp\htdocs\ITE311-ALEJADO\system\CodeIgniter.php(354): CodeIgniter\CodeIgniter->handleRequest(NULL, Object(Config\Cache), false)
#10 C:\xampp\htdocs\ITE311-ALEJADO\system\Boot.php(363): CodeIgniter\CodeIgniter->run()
#11 C:\xampp\htdocs\ITE311-ALEJADO\system\Boot.php(68): CodeIgniter\Boot::runCodeIgniter(Object(CodeIgniter\CodeIgniter))
#12 C:\xampp\htdocs\ITE311-ALEJADO\index.php(204): CodeIgniter\Boot::bootWeb(Object(Config\Paths))
#13 {main}
ERROR - 2025-12-13 12:41:33 --> Student materials browser error: Invalid file: "templates/footer.php"
ERROR - 2025-12-13 12:41:33 --> Stack trace: #0 C:\xampp\htdocs\ITE311-ALEJADO\system\View\View.php(214): CodeIgniter\Exceptions\FrameworkException::forInvalidFile('templates/foote...')
#1 C:\xampp\htdocs\ITE311-ALEJADO\system\Common.php(1167): CodeIgniter\View\View->render('templates/foote...', Array, true)
#2 C:\xampp\htdocs\ITE311-ALEJADO\app\Views\student\materials.php(303): view('templates/foote...')
#3 C:\xampp\htdocs\ITE311-ALEJADO\system\View\View.php(226): include('C:\\xampp\\htdocs...')
#4 C:\xampp\htdocs\ITE311-ALEJADO\system\View\View.php(229): CodeIgniter\View\View->CodeIgniter\View\{closure}()
#5 C:\xampp\htdocs\ITE311-ALEJADO\system\Common.php(1167): CodeIgniter\View\View->render('student/materia...', Array, true)
#6 C:\xampp\htdocs\ITE311-ALEJADO\app\Controllers\Auth.php(1209): view('student/materia...', Array)
#7 C:\xampp\htdocs\ITE311-ALEJADO\system\CodeIgniter.php(933): App\Controllers\Auth->studentMaterials()
#8 C:\xampp\htdocs\ITE311-ALEJADO\system\CodeIgniter.php(507): CodeIgniter\CodeIgniter->runController(Object(App\Controllers\Auth))
#9 C:\xampp\htdocs\ITE311-ALEJADO\system\CodeIgniter.php(354): CodeIgniter\CodeIgniter->handleRequest(NULL, Object(Config\Cache), false)
#10 C:\xampp\htdocs\ITE311-ALEJADO\system\Boot.php(363): CodeIgniter\CodeIgniter->run()
#11 C:\xampp\htdocs\ITE311-ALEJADO\system\Boot.php(68): CodeIgniter\Boot::runCodeIgniter(Object(CodeIgniter\CodeIgniter))
#12 C:\xampp\htdocs\ITE311-ALEJADO\index.php(204): CodeIgniter\Boot::bootWeb(Object(Config\Paths))
#13 {main}
ERROR - 2025-12-13 13:10:40 --> mysqli_sql_exception: Table 'lms_alejado.notifications' doesn't exist in C:\xampp\htdocs\ITE311-ALEJADO\system\Database\MySQLi\Connection.php:327
Stack trace:
#0 C:\xampp\htdocs\ITE311-ALEJADO\system\Database\MySQLi\Connection.php(327): mysqli->query('SELECT COUNT(*)...', 0)
#1 C:\xampp\htdocs\ITE311-ALEJADO\system\Database\BaseConnection.php(729): CodeIgniter\Database\MySQLi\Connection->execute('SELECT COUNT(*)...')
#2 C:\xampp\htdocs\ITE311-ALEJADO\system\Database\BaseConnection.php(646): CodeIgniter\Database\BaseConnection->simpleQuery('SELECT COUNT(*)...')
#3 C:\xampp\htdocs\ITE311-ALEJADO\system\Database\BaseBuilder.php(1733): CodeIgniter\Database\BaseConnection->query('SELECT COUNT(*)...', Array, false)
#4 C:\xampp\htdocs\ITE311-ALEJADO\system\Model.php(675): CodeIgniter\Database\BaseBuilder->countAllResults(true)
#5 C:\xampp\htdocs\ITE311-ALEJADO\app\Models\NotificationModel.php(61): CodeIgniter\Model->countAllResults()
#6 C:\xampp\htdocs\ITE311-ALEJADO\app\Controllers\BaseController.php(64): App\Models\NotificationModel->getUnreadCount('3')
#7 C:\xampp\htdocs\ITE311-ALEJADO\system\CodeIgniter.php(904): App\Controllers\BaseController->initController(Object(CodeIgniter\HTTP\IncomingRequest), Object(CodeIgniter\HTTP\Response), Object(CodeIgniter\Log\Logger))
#8 C:\xampp\htdocs\ITE311-ALEJADO\system\CodeIgniter.php(498): CodeIgniter\CodeIgniter->createController()
#9 C:\xampp\htdocs\ITE311-ALEJADO\system\CodeIgniter.php(354): CodeIgniter\CodeIgniter->handleRequest(NULL, Object(Config\Cache), false)
#10 C:\xampp\htdocs\ITE311-ALEJADO\system\Boot.php(363): CodeIgniter\CodeIgniter->run()
#11 C:\xampp\htdocs\ITE311-ALEJADO\system\Boot.php(68): CodeIgniter\Boot::runCodeIgniter(Object(CodeIgniter\CodeIgniter))
#12 C:\xampp\htdocs\ITE311-ALEJADO\index.php(204): CodeIgniter\Boot::bootWeb(Object(Config\Paths))
#13 {main}
CRITICAL - 2025-12-13 13:10:40 --> CodeIgniter\Database\Exceptions\DatabaseException: Table 'lms_alejado.notifications' doesn't exist
[Method: GET, Route: notifications]
in SYSTEMPATH\Database\BaseConnection.php on line 684.
 1 SYSTEMPATH\Database\BaseBuilder.php(1733): CodeIgniter\Database\BaseConnection->query('SELECT COUNT(*) AS `numrows`
FROM `notifications`
WHERE `user_id` = :user_id:
AND `is_read` = :is_read:
AND `is_hidden` = :is_hidden:', [...], false)
 2 SYSTEMPATH\Model.php(675): CodeIgniter\Database\BaseBuilder->countAllResults(true)
 3 APPPATH\Models\NotificationModel.php(61): CodeIgniter\Model->countAllResults()
 4 APPPATH\Controllers\BaseController.php(64): App\Models\NotificationModel->getUnreadCount('3')
 5 SYSTEMPATH\CodeIgniter.php(904): App\Controllers\BaseController->initController(Object(CodeIgniter\HTTP\IncomingRequest), Object(CodeIgniter\HTTP\Response), Object(CodeIgniter\Log\Logger))
 6 SYSTEMPATH\CodeIgniter.php(498): CodeIgniter\CodeIgniter->createController()
 7 SYSTEMPATH\CodeIgniter.php(354): CodeIgniter\CodeIgniter->handleRequest(null, Object(Config\Cache), false)
 8 SYSTEMPATH\Boot.php(363): CodeIgniter\CodeIgniter->run()
 9 SYSTEMPATH\Boot.php(68): CodeIgniter\Boot::runCodeIgniter(Object(CodeIgniter\CodeIgniter))
10 FCPATH\index.php(204): CodeIgniter\Boot::bootWeb(Object(Config\Paths))
CRITICAL - 2025-12-13 13:10:40 --> [Caused by] CodeIgniter\Database\Exceptions\DatabaseException: Table 'lms_alejado.notifications' doesn't exist
in SYSTEMPATH\Database\MySQLi\Connection.php on line 332.
 1 SYSTEMPATH\Database\BaseConnection.php(729): CodeIgniter\Database\MySQLi\Connection->execute('SELECT COUNT(*) AS `numrows`
FROM `notifications`
WHERE `user_id` = \'3\'
AND `is_read` = 0
AND `is_hidden` = 0')
 2 SYSTEMPATH\Database\BaseConnection.php(646): CodeIgniter\Database\BaseConnection->simpleQuery('SELECT COUNT(*) AS `numrows`
FROM `notifications`
WHERE `user_id` = \'3\'
AND `is_read` = 0
AND `is_hidden` = 0')
 3 SYSTEMPATH\Database\BaseBuilder.php(1733): CodeIgniter\Database\BaseConnection->query('SELECT COUNT(*) AS `numrows`
FROM `notifications`
WHERE `user_id` = :user_id:
AND `is_read` = :is_read:
AND `is_hidden` = :is_hidden:', [...], false)
 4 SYSTEMPATH\Model.php(675): CodeIgniter\Database\BaseBuilder->countAllResults(true)
 5 APPPATH\Models\NotificationModel.php(61): CodeIgniter\Model->countAllResults()
 6 APPPATH\Controllers\BaseController.php(64): App\Models\NotificationModel->getUnreadCount('3')
 7 SYSTEMPATH\CodeIgniter.php(904): App\Controllers\BaseController->initController(Object(CodeIgniter\HTTP\IncomingRequest), Object(CodeIgniter\HTTP\Response), Object(CodeIgniter\Log\Logger))
 8 SYSTEMPATH\CodeIgniter.php(498): CodeIgniter\CodeIgniter->createController()
 9 SYSTEMPATH\CodeIgniter.php(354): CodeIgniter\CodeIgniter->handleRequest(null, Object(Config\Cache), false)
10 SYSTEMPATH\Boot.php(363): CodeIgniter\CodeIgniter->run()
11 SYSTEMPATH\Boot.php(68): CodeIgniter\Boot::runCodeIgniter(Object(CodeIgniter\CodeIgniter))
12 FCPATH\index.php(204): CodeIgniter\Boot::bootWeb(Object(Config\Paths))
CRITICAL - 2025-12-13 13:10:40 --> [Caused by] mysqli_sql_exception: Table 'lms_alejado.notifications' doesn't exist
in SYSTEMPATH\Database\MySQLi\Connection.php on line 327.
 1 SYSTEMPATH\Database\MySQLi\Connection.php(327): mysqli->query('SELECT COUNT(*) AS `numrows`
FROM `notifications`
WHERE `user_id` = \'3\'
AND `is_read` = 0
AND `is_hidden` = 0', 0)
 2 SYSTEMPATH\Database\BaseConnection.php(729): CodeIgniter\Database\MySQLi\Connection->execute('SELECT COUNT(*) AS `numrows`
FROM `notifications`
WHERE `user_id` = \'3\'
AND `is_read` = 0
AND `is_hidden` = 0')
 3 SYSTEMPATH\Database\BaseConnection.php(646): CodeIgniter\Database\BaseConnection->simpleQuery('SELECT COUNT(*) AS `numrows`
FROM `notifications`
WHERE `user_id` = \'3\'
AND `is_read` = 0
AND `is_hidden` = 0')
 4 SYSTEMPATH\Database\BaseBuilder.php(1733): CodeIgniter\Database\BaseConnection->query('SELECT COUNT(*) AS `numrows`
FROM `notifications`
WHERE `user_id` = :user_id:
AND `is_read` = :is_read:
AND `is_hidden` = :is_hidden:', [...], false)
 5 SYSTEMPATH\Model.php(675): CodeIgniter\Database\BaseBuilder->countAllResults(true)
 6 APPPATH\Models\NotificationModel.php(61): CodeIgniter\Model->countAllResults()
 7 APPPATH\Controllers\BaseController.php(64): App\Models\NotificationModel->getUnreadCount('3')
 8 SYSTEMPATH\CodeIgniter.php(904): App\Controllers\BaseController->initController(Object(CodeIgniter\HTTP\IncomingRequest), Object(CodeIgniter\HTTP\Response), Object(CodeIgniter\Log\Logger))
 9 SYSTEMPATH\CodeIgniter.php(498): CodeIgniter\CodeIgniter->createController()
10 SYSTEMPATH\CodeIgniter.php(354): CodeIgniter\CodeIgniter->handleRequest(null, Object(Config\Cache), false)
11 SYSTEMPATH\Boot.php(363): CodeIgniter\CodeIgniter->run()
12 SYSTEMPATH\Boot.php(68): CodeIgniter\Boot::runCodeIgniter(Object(CodeIgniter\CodeIgniter))
13 FCPATH\index.php(204): CodeIgniter\Boot::bootWeb(Object(Config\Paths))
ERROR - 2025-12-13 13:10:44 --> mysqli_sql_exception: Table 'lms_alejado.notifications' doesn't exist in C:\xampp\htdocs\ITE311-ALEJADO\system\Database\MySQLi\Connection.php:327
Stack trace:
#0 C:\xampp\htdocs\ITE311-ALEJADO\system\Database\MySQLi\Connection.php(327): mysqli->query('SELECT COUNT(*)...', 0)
#1 C:\xampp\htdocs\ITE311-ALEJADO\system\Database\BaseConnection.php(729): CodeIgniter\Database\MySQLi\Connection->execute('SELECT COUNT(*)...')
#2 C:\xampp\htdocs\ITE311-ALEJADO\system\Database\BaseConnection.php(646): CodeIgniter\Database\BaseConnection->simpleQuery('SELECT COUNT(*)...')
#3 C:\xampp\htdocs\ITE311-ALEJADO\system\Database\BaseBuilder.php(1733): CodeIgniter\Database\BaseConnection->query('SELECT COUNT(*)...', Array, false)
#4 C:\xampp\htdocs\ITE311-ALEJADO\system\Model.php(675): CodeIgniter\Database\BaseBuilder->countAllResults(true)
#5 C:\xampp\htdocs\ITE311-ALEJADO\app\Models\NotificationModel.php(61): CodeIgniter\Model->countAllResults()
#6 C:\xampp\htdocs\ITE311-ALEJADO\app\Controllers\BaseController.php(64): App\Models\NotificationModel->getUnreadCount('2')
#7 C:\xampp\htdocs\ITE311-ALEJADO\system\CodeIgniter.php(904): App\Controllers\BaseController->initController(Object(CodeIgniter\HTTP\IncomingRequest), Object(CodeIgniter\HTTP\Response), Object(CodeIgniter\Log\Logger))
#8 C:\xampp\htdocs\ITE311-ALEJADO\system\CodeIgniter.php(498): CodeIgniter\CodeIgniter->createController()
#9 C:\xampp\htdocs\ITE311-ALEJADO\system\CodeIgniter.php(354): CodeIgniter\CodeIgniter->handleRequest(NULL, Object(Config\Cache), false)
#10 C:\xampp\htdocs\ITE311-ALEJADO\system\Boot.php(363): CodeIgniter\CodeIgniter->run()
#11 C:\xampp\htdocs\ITE311-ALEJADO\system\Boot.php(68): CodeIgniter\Boot::runCodeIgniter(Object(CodeIgniter\CodeIgniter))
#12 C:\xampp\htdocs\ITE311-ALEJADO\index.php(204): CodeIgniter\Boot::bootWeb(Object(Config\Paths))
#13 {main}
CRITICAL - 2025-12-13 13:10:44 --> CodeIgniter\Database\Exceptions\DatabaseException: Table 'lms_alejado.notifications' doesn't exist
[Method: GET, Route: notifications]
in SYSTEMPATH\Database\BaseConnection.php on line 684.
 1 SYSTEMPATH\Database\BaseBuilder.php(1733): CodeIgniter\Database\BaseConnection->query('SELECT COUNT(*) AS `numrows`
FROM `notifications`
WHERE `user_id` = :user_id:
AND `is_read` = :is_read:
AND `is_hidden` = :is_hidden:', [...], false)
 2 SYSTEMPATH\Model.php(675): CodeIgniter\Database\BaseBuilder->countAllResults(true)
 3 APPPATH\Models\NotificationModel.php(61): CodeIgniter\Model->countAllResults()
 4 APPPATH\Controllers\BaseController.php(64): App\Models\NotificationModel->getUnreadCount('2')
 5 SYSTEMPATH\CodeIgniter.php(904): App\Controllers\BaseController->initController(Object(CodeIgniter\HTTP\IncomingRequest), Object(CodeIgniter\HTTP\Response), Object(CodeIgniter\Log\Logger))
 6 SYSTEMPATH\CodeIgniter.php(498): CodeIgniter\CodeIgniter->createController()
 7 SYSTEMPATH\CodeIgniter.php(354): CodeIgniter\CodeIgniter->handleRequest(null, Object(Config\Cache), false)
 8 SYSTEMPATH\Boot.php(363): CodeIgniter\CodeIgniter->run()
 9 SYSTEMPATH\Boot.php(68): CodeIgniter\Boot::runCodeIgniter(Object(CodeIgniter\CodeIgniter))
10 FCPATH\index.php(204): CodeIgniter\Boot::bootWeb(Object(Config\Paths))
CRITICAL - 2025-12-13 13:10:44 --> [Caused by] CodeIgniter\Database\Exceptions\DatabaseException: Table 'lms_alejado.notifications' doesn't exist
in SYSTEMPATH\Database\MySQLi\Connection.php on line 332.
 1 SYSTEMPATH\Database\BaseConnection.php(729): CodeIgniter\Database\MySQLi\Connection->execute('SELECT COUNT(*) AS `numrows`
FROM `notifications`
WHERE `user_id` = \'2\'
AND `is_read` = 0
AND `is_hidden` = 0')
 2 SYSTEMPATH\Database\BaseConnection.php(646): CodeIgniter\Database\BaseConnection->simpleQuery('SELECT COUNT(*) AS `numrows`
FROM `notifications`
WHERE `user_id` = \'2\'
AND `is_read` = 0
AND `is_hidden` = 0')
 3 SYSTEMPATH\Database\BaseBuilder.php(1733): CodeIgniter\Database\BaseConnection->query('SELECT COUNT(*) AS `numrows`
FROM `notifications`
WHERE `user_id` = :user_id:
AND `is_read` = :is_read:
AND `is_hidden` = :is_hidden:', [...], false)
 4 SYSTEMPATH\Model.php(675): CodeIgniter\Database\BaseBuilder->countAllResults(true)
 5 APPPATH\Models\NotificationModel.php(61): CodeIgniter\Model->countAllResults()
 6 APPPATH\Controllers\BaseController.php(64): App\Models\NotificationModel->getUnreadCount('2')
 7 SYSTEMPATH\CodeIgniter.php(904): App\Controllers\BaseController->initController(Object(CodeIgniter\HTTP\IncomingRequest), Object(CodeIgniter\HTTP\Response), Object(CodeIgniter\Log\Logger))
 8 SYSTEMPATH\CodeIgniter.php(498): CodeIgniter\CodeIgniter->createController()
 9 SYSTEMPATH\CodeIgniter.php(354): CodeIgniter\CodeIgniter->handleRequest(null, Object(Config\Cache), false)
10 SYSTEMPATH\Boot.php(363): CodeIgniter\CodeIgniter->run()
11 SYSTEMPATH\Boot.php(68): CodeIgniter\Boot::runCodeIgniter(Object(CodeIgniter\CodeIgniter))
12 FCPATH\index.php(204): CodeIgniter\Boot::bootWeb(Object(Config\Paths))
CRITICAL - 2025-12-13 13:10:44 --> [Caused by] mysqli_sql_exception: Table 'lms_alejado.notifications' doesn't exist
in SYSTEMPATH\Database\MySQLi\Connection.php on line 327.
 1 SYSTEMPATH\Database\MySQLi\Connection.php(327): mysqli->query('SELECT COUNT(*) AS `numrows`
FROM `notifications`
WHERE `user_id` = \'2\'
AND `is_read` = 0
AND `is_hidden` = 0', 0)
 2 SYSTEMPATH\Database\BaseConnection.php(729): CodeIgniter\Database\MySQLi\Connection->execute('SELECT COUNT(*) AS `numrows`
FROM `notifications`
WHERE `user_id` = \'2\'
AND `is_read` = 0
AND `is_hidden` = 0')
 3 SYSTEMPATH\Database\BaseConnection.php(646): CodeIgniter\Database\BaseConnection->simpleQuery('SELECT COUNT(*) AS `numrows`
FROM `notifications`
WHERE `user_id` = \'2\'
AND `is_read` = 0
AND `is_hidden` = 0')
 4 SYSTEMPATH\Database\BaseBuilder.php(1733): CodeIgniter\Database\BaseConnection->query('SELECT COUNT(*) AS `numrows`
FROM `notifications`
WHERE `user_id` = :user_id:
AND `is_read` = :is_read:
AND `is_hidden` = :is_hidden:', [...], false)
 5 SYSTEMPATH\Model.php(675): CodeIgniter\Database\BaseBuilder->countAllResults(true)
 6 APPPATH\Models\NotificationModel.php(61): CodeIgniter\Model->countAllResults()
 7 APPPATH\Controllers\BaseController.php(64): App\Models\NotificationModel->getUnreadCount('2')
 8 SYSTEMPATH\CodeIgniter.php(904): App\Controllers\BaseController->initController(Object(CodeIgniter\HTTP\IncomingRequest), Object(CodeIgniter\HTTP\Response), Object(CodeIgniter\Log\Logger))
 9 SYSTEMPATH\CodeIgniter.php(498): CodeIgniter\CodeIgniter->createController()
10 SYSTEMPATH\CodeIgniter.php(354): CodeIgniter\CodeIgniter->handleRequest(null, Object(Config\Cache), false)
11 SYSTEMPATH\Boot.php(363): CodeIgniter\CodeIgniter->run()
12 SYSTEMPATH\Boot.php(68): CodeIgniter\Boot::runCodeIgniter(Object(CodeIgniter\CodeIgniter))
13 FCPATH\index.php(204): CodeIgniter\Boot::bootWeb(Object(Config\Paths))
ERROR - 2025-12-13 13:10:54 --> mysqli_sql_exception: Table 'lms_alejado.notifications' doesn't exist in C:\xampp\htdocs\ITE311-ALEJADO\system\Database\MySQLi\Connection.php:327
Stack trace:
#0 C:\xampp\htdocs\ITE311-ALEJADO\system\Database\MySQLi\Connection.php(327): mysqli->query('SELECT COUNT(*)...', 0)
#1 C:\xampp\htdocs\ITE311-ALEJADO\system\Database\BaseConnection.php(729): CodeIgniter\Database\MySQLi\Connection->execute('SELECT COUNT(*)...')
#2 C:\xampp\htdocs\ITE311-ALEJADO\system\Database\BaseConnection.php(646): CodeIgniter\Database\BaseConnection->simpleQuery('SELECT COUNT(*)...')
#3 C:\xampp\htdocs\ITE311-ALEJADO\system\Database\BaseBuilder.php(1733): CodeIgniter\Database\BaseConnection->query('SELECT COUNT(*)...', Array, false)
#4 C:\xampp\htdocs\ITE311-ALEJADO\system\Model.php(675): CodeIgniter\Database\BaseBuilder->countAllResults(true)
#5 C:\xampp\htdocs\ITE311-ALEJADO\app\Models\NotificationModel.php(61): CodeIgniter\Model->countAllResults()
#6 C:\xampp\htdocs\ITE311-ALEJADO\app\Controllers\BaseController.php(64): App\Models\NotificationModel->getUnreadCount('2')
#7 C:\xampp\htdocs\ITE311-ALEJADO\system\CodeIgniter.php(904): App\Controllers\BaseController->initController(Object(CodeIgniter\HTTP\IncomingRequest), Object(CodeIgniter\HTTP\Response), Object(CodeIgniter\Log\Logger))
#8 C:\xampp\htdocs\ITE311-ALEJADO\system\CodeIgniter.php(498): CodeIgniter\CodeIgniter->createController()
#9 C:\xampp\htdocs\ITE311-ALEJADO\system\CodeIgniter.php(354): CodeIgniter\CodeIgniter->handleRequest(NULL, Object(Config\Cache), false)
#10 C:\xampp\htdocs\ITE311-ALEJADO\system\Boot.php(363): CodeIgniter\CodeIgniter->run()
#11 C:\xampp\htdocs\ITE311-ALEJADO\system\Boot.php(68): CodeIgniter\Boot::runCodeIgniter(Object(CodeIgniter\CodeIgniter))
#12 C:\xampp\htdocs\ITE311-ALEJADO\index.php(204): CodeIgniter\Boot::bootWeb(Object(Config\Paths))
#13 {main}
CRITICAL - 2025-12-13 13:10:54 --> CodeIgniter\Database\Exceptions\DatabaseException: Table 'lms_alejado.notifications' doesn't exist
[Method: GET, Route: logout]
in SYSTEMPATH\Database\BaseConnection.php on line 684.
 1 SYSTEMPATH\Database\BaseBuilder.php(1733): CodeIgniter\Database\BaseConnection->query('SELECT COUNT(*) AS `numrows`
FROM `notifications`
WHERE `user_id` = :user_id:
AND `is_read` = :is_read:
AND `is_hidden` = :is_hidden:', [...], false)
 2 SYSTEMPATH\Model.php(675): CodeIgniter\Database\BaseBuilder->countAllResults(true)
 3 APPPATH\Models\NotificationModel.php(61): CodeIgniter\Model->countAllResults()
 4 APPPATH\Controllers\BaseController.php(64): App\Models\NotificationModel->getUnreadCount('2')
 5 SYSTEMPATH\CodeIgniter.php(904): App\Controllers\BaseController->initController(Object(CodeIgniter\HTTP\IncomingRequest), Object(CodeIgniter\HTTP\Response), Object(CodeIgniter\Log\Logger))
 6 SYSTEMPATH\CodeIgniter.php(498): CodeIgniter\CodeIgniter->createController()
 7 SYSTEMPATH\CodeIgniter.php(354): CodeIgniter\CodeIgniter->handleRequest(null, Object(Config\Cache), false)
 8 SYSTEMPATH\Boot.php(363): CodeIgniter\CodeIgniter->run()
 9 SYSTEMPATH\Boot.php(68): CodeIgniter\Boot::runCodeIgniter(Object(CodeIgniter\CodeIgniter))
10 FCPATH\index.php(204): CodeIgniter\Boot::bootWeb(Object(Config\Paths))
CRITICAL - 2025-12-13 13:10:54 --> [Caused by] CodeIgniter\Database\Exceptions\DatabaseException: Table 'lms_alejado.notifications' doesn't exist
in SYSTEMPATH\Database\MySQLi\Connection.php on line 332.
 1 SYSTEMPATH\Database\BaseConnection.php(729): CodeIgniter\Database\MySQLi\Connection->execute('SELECT COUNT(*) AS `numrows`
FROM `notifications`
WHERE `user_id` = \'2\'
AND `is_read` = 0
AND `is_hidden` = 0')
 2 SYSTEMPATH\Database\BaseConnection.php(646): CodeIgniter\Database\BaseConnection->simpleQuery('SELECT COUNT(*) AS `numrows`
FROM `notifications`
WHERE `user_id` = \'2\'
AND `is_read` = 0
AND `is_hidden` = 0')
 3 SYSTEMPATH\Database\BaseBuilder.php(1733): CodeIgniter\Database\BaseConnection->query('SELECT COUNT(*) AS `numrows`
FROM `notifications`
WHERE `user_id` = :user_id:
AND `is_read` = :is_read:
AND `is_hidden` = :is_hidden:', [...], false)
 4 SYSTEMPATH\Model.php(675): CodeIgniter\Database\BaseBuilder->countAllResults(true)
 5 APPPATH\Models\NotificationModel.php(61): CodeIgniter\Model->countAllResults()
 6 APPPATH\Controllers\BaseController.php(64): App\Models\NotificationModel->getUnreadCount('2')
 7 SYSTEMPATH\CodeIgniter.php(904): App\Controllers\BaseController->initController(Object(CodeIgniter\HTTP\IncomingRequest), Object(CodeIgniter\HTTP\Response), Object(CodeIgniter\Log\Logger))
 8 SYSTEMPATH\CodeIgniter.php(498): CodeIgniter\CodeIgniter->createController()
 9 SYSTEMPATH\CodeIgniter.php(354): CodeIgniter\CodeIgniter->handleRequest(null, Object(Config\Cache), false)
10 SYSTEMPATH\Boot.php(363): CodeIgniter\CodeIgniter->run()
11 SYSTEMPATH\Boot.php(68): CodeIgniter\Boot::runCodeIgniter(Object(CodeIgniter\CodeIgniter))
12 FCPATH\index.php(204): CodeIgniter\Boot::bootWeb(Object(Config\Paths))
CRITICAL - 2025-12-13 13:10:54 --> [Caused by] mysqli_sql_exception: Table 'lms_alejado.notifications' doesn't exist
in SYSTEMPATH\Database\MySQLi\Connection.php on line 327.
 1 SYSTEMPATH\Database\MySQLi\Connection.php(327): mysqli->query('SELECT COUNT(*) AS `numrows`
FROM `notifications`
WHERE `user_id` = \'2\'
AND `is_read` = 0
AND `is_hidden` = 0', 0)
 2 SYSTEMPATH\Database\BaseConnection.php(729): CodeIgniter\Database\MySQLi\Connection->execute('SELECT COUNT(*) AS `numrows`
FROM `notifications`
WHERE `user_id` = \'2\'
AND `is_read` = 0
AND `is_hidden` = 0')
 3 SYSTEMPATH\Database\BaseConnection.php(646): CodeIgniter\Database\BaseConnection->simpleQuery('SELECT COUNT(*) AS `numrows`
FROM `notifications`
WHERE `user_id` = \'2\'
AND `is_read` = 0
AND `is_hidden` = 0')
 4 SYSTEMPATH\Database\BaseBuilder.php(1733): CodeIgniter\Database\BaseConnection->query('SELECT COUNT(*) AS `numrows`
FROM `notifications`
WHERE `user_id` = :user_id:
AND `is_read` = :is_read:
AND `is_hidden` = :is_hidden:', [...], false)
 5 SYSTEMPATH\Model.php(675): CodeIgniter\Database\BaseBuilder->countAllResults(true)
 6 APPPATH\Models\NotificationModel.php(61): CodeIgniter\Model->countAllResults()
 7 APPPATH\Controllers\BaseController.php(64): App\Models\NotificationModel->getUnreadCount('2')
 8 SYSTEMPATH\CodeIgniter.php(904): App\Controllers\BaseController->initController(Object(CodeIgniter\HTTP\IncomingRequest), Object(CodeIgniter\HTTP\Response), Object(CodeIgniter\Log\Logger))
 9 SYSTEMPATH\CodeIgniter.php(498): CodeIgniter\CodeIgniter->createController()
10 SYSTEMPATH\CodeIgniter.php(354): CodeIgniter\CodeIgniter->handleRequest(null, Object(Config\Cache), false)
11 SYSTEMPATH\Boot.php(363): CodeIgniter\CodeIgniter->run()
12 SYSTEMPATH\Boot.php(68): CodeIgniter\Boot::runCodeIgniter(Object(CodeIgniter\CodeIgniter))
13 FCPATH\index.php(204): CodeIgniter\Boot::bootWeb(Object(Config\Paths))
ERROR - 2025-12-13 13:11:03 --> mysqli_sql_exception: Table 'lms_alejado.notifications' doesn't exist in C:\xampp\htdocs\ITE311-ALEJADO\system\Database\MySQLi\Connection.php:327
Stack trace:
#0 C:\xampp\htdocs\ITE311-ALEJADO\system\Database\MySQLi\Connection.php(327): mysqli->query('SELECT COUNT(*)...', 0)
#1 C:\xampp\htdocs\ITE311-ALEJADO\system\Database\BaseConnection.php(729): CodeIgniter\Database\MySQLi\Connection->execute('SELECT COUNT(*)...')
#2 C:\xampp\htdocs\ITE311-ALEJADO\system\Database\BaseConnection.php(646): CodeIgniter\Database\BaseConnection->simpleQuery('SELECT COUNT(*)...')
#3 C:\xampp\htdocs\ITE311-ALEJADO\system\Database\BaseBuilder.php(1733): CodeIgniter\Database\BaseConnection->query('SELECT COUNT(*)...', Array, false)
#4 C:\xampp\htdocs\ITE311-ALEJADO\system\Model.php(675): CodeIgniter\Database\BaseBuilder->countAllResults(true)
#5 C:\xampp\htdocs\ITE311-ALEJADO\app\Models\NotificationModel.php(61): CodeIgniter\Model->countAllResults()
#6 C:\xampp\htdocs\ITE311-ALEJADO\app\Controllers\BaseController.php(64): App\Models\NotificationModel->getUnreadCount('3')
#7 C:\xampp\htdocs\ITE311-ALEJADO\system\CodeIgniter.php(904): App\Controllers\BaseController->initController(Object(CodeIgniter\HTTP\IncomingRequest), Object(CodeIgniter\HTTP\Response), Object(CodeIgniter\Log\Logger))
#8 C:\xampp\htdocs\ITE311-ALEJADO\system\CodeIgniter.php(498): CodeIgniter\CodeIgniter->createController()
#9 C:\xampp\htdocs\ITE311-ALEJADO\system\CodeIgniter.php(354): CodeIgniter\CodeIgniter->handleRequest(NULL, Object(Config\Cache), false)
#10 C:\xampp\htdocs\ITE311-ALEJADO\system\Boot.php(363): CodeIgniter\CodeIgniter->run()
#11 C:\xampp\htdocs\ITE311-ALEJADO\system\Boot.php(68): CodeIgniter\Boot::runCodeIgniter(Object(CodeIgniter\CodeIgniter))
#12 C:\xampp\htdocs\ITE311-ALEJADO\index.php(204): CodeIgniter\Boot::bootWeb(Object(Config\Paths))
#13 {main}
CRITICAL - 2025-12-13 13:11:03 --> CodeIgniter\Database\Exceptions\DatabaseException: Table 'lms_alejado.notifications' doesn't exist
[Method: GET, Route: logout]
in SYSTEMPATH\Database\BaseConnection.php on line 684.
 1 SYSTEMPATH\Database\BaseBuilder.php(1733): CodeIgniter\Database\BaseConnection->query('SELECT COUNT(*) AS `numrows`
FROM `notifications`
WHERE `user_id` = :user_id:
AND `is_read` = :is_read:
AND `is_hidden` = :is_hidden:', [...], false)
 2 SYSTEMPATH\Model.php(675): CodeIgniter\Database\BaseBuilder->countAllResults(true)
 3 APPPATH\Models\NotificationModel.php(61): CodeIgniter\Model->countAllResults()
 4 APPPATH\Controllers\BaseController.php(64): App\Models\NotificationModel->getUnreadCount('3')
 5 SYSTEMPATH\CodeIgniter.php(904): App\Controllers\BaseController->initController(Object(CodeIgniter\HTTP\IncomingRequest), Object(CodeIgniter\HTTP\Response), Object(CodeIgniter\Log\Logger))
 6 SYSTEMPATH\CodeIgniter.php(498): CodeIgniter\CodeIgniter->createController()
 7 SYSTEMPATH\CodeIgniter.php(354): CodeIgniter\CodeIgniter->handleRequest(null, Object(Config\Cache), false)
 8 SYSTEMPATH\Boot.php(363): CodeIgniter\CodeIgniter->run()
 9 SYSTEMPATH\Boot.php(68): CodeIgniter\Boot::runCodeIgniter(Object(CodeIgniter\CodeIgniter))
10 FCPATH\index.php(204): CodeIgniter\Boot::bootWeb(Object(Config\Paths))
CRITICAL - 2025-12-13 13:11:03 --> [Caused by] CodeIgniter\Database\Exceptions\DatabaseException: Table 'lms_alejado.notifications' doesn't exist
in SYSTEMPATH\Database\MySQLi\Connection.php on line 332.
 1 SYSTEMPATH\Database\BaseConnection.php(729): CodeIgniter\Database\MySQLi\Connection->execute('SELECT COUNT(*) AS `numrows`
FROM `notifications`
WHERE `user_id` = \'3\'
AND `is_read` = 0
AND `is_hidden` = 0')
 2 SYSTEMPATH\Database\BaseConnection.php(646): CodeIgniter\Database\BaseConnection->simpleQuery('SELECT COUNT(*) AS `numrows`
FROM `notifications`
WHERE `user_id` = \'3\'
AND `is_read` = 0
AND `is_hidden` = 0')
 3 SYSTEMPATH\Database\BaseBuilder.php(1733): CodeIgniter\Database\BaseConnection->query('SELECT COUNT(*) AS `numrows`
FROM `notifications`
WHERE `user_id` = :user_id:
AND `is_read` = :is_read:
AND `is_hidden` = :is_hidden:', [...], false)
 4 SYSTEMPATH\Model.php(675): CodeIgniter\Database\BaseBuilder->countAllResults(true)
 5 APPPATH\Models\NotificationModel.php(61): CodeIgniter\Model->countAllResults()
 6 APPPATH\Controllers\BaseController.php(64): App\Models\NotificationModel->getUnreadCount('3')
 7 SYSTEMPATH\CodeIgniter.php(904): App\Controllers\BaseController->initController(Object(CodeIgniter\HTTP\IncomingRequest), Object(CodeIgniter\HTTP\Response), Object(CodeIgniter\Log\Logger))
 8 SYSTEMPATH\CodeIgniter.php(498): CodeIgniter\CodeIgniter->createController()
 9 SYSTEMPATH\CodeIgniter.php(354): CodeIgniter\CodeIgniter->handleRequest(null, Object(Config\Cache), false)
10 SYSTEMPATH\Boot.php(363): CodeIgniter\CodeIgniter->run()
11 SYSTEMPATH\Boot.php(68): CodeIgniter\Boot::runCodeIgniter(Object(CodeIgniter\CodeIgniter))
12 FCPATH\index.php(204): CodeIgniter\Boot::bootWeb(Object(Config\Paths))
CRITICAL - 2025-12-13 13:11:03 --> [Caused by] mysqli_sql_exception: Table 'lms_alejado.notifications' doesn't exist
in SYSTEMPATH\Database\MySQLi\Connection.php on line 327.
 1 SYSTEMPATH\Database\MySQLi\Connection.php(327): mysqli->query('SELECT COUNT(*) AS `numrows`
FROM `notifications`
WHERE `user_id` = \'3\'
AND `is_read` = 0
AND `is_hidden` = 0', 0)
 2 SYSTEMPATH\Database\BaseConnection.php(729): CodeIgniter\Database\MySQLi\Connection->execute('SELECT COUNT(*) AS `numrows`
FROM `notifications`
WHERE `user_id` = \'3\'
AND `is_read` = 0
AND `is_hidden` = 0')
 3 SYSTEMPATH\Database\BaseConnection.php(646): CodeIgniter\Database\BaseConnection->simpleQuery('SELECT COUNT(*) AS `numrows`
FROM `notifications`
WHERE `user_id` = \'3\'
AND `is_read` = 0
AND `is_hidden` = 0')
 4 SYSTEMPATH\Database\BaseBuilder.php(1733): CodeIgniter\Database\BaseConnection->query('SELECT COUNT(*) AS `numrows`
FROM `notifications`
WHERE `user_id` = :user_id:
AND `is_read` = :is_read:
AND `is_hidden` = :is_hidden:', [...], false)
 5 SYSTEMPATH\Model.php(675): CodeIgniter\Database\BaseBuilder->countAllResults(true)
 6 APPPATH\Models\NotificationModel.php(61): CodeIgniter\Model->countAllResults()
 7 APPPATH\Controllers\BaseController.php(64): App\Models\NotificationModel->getUnreadCount('3')
 8 SYSTEMPATH\CodeIgniter.php(904): App\Controllers\BaseController->initController(Object(CodeIgniter\HTTP\IncomingRequest), Object(CodeIgniter\HTTP\Response), Object(CodeIgniter\Log\Logger))
 9 SYSTEMPATH\CodeIgniter.php(498): CodeIgniter\CodeIgniter->createController()
10 SYSTEMPATH\CodeIgniter.php(354): CodeIgniter\CodeIgniter->handleRequest(null, Object(Config\Cache), false)
11 SYSTEMPATH\Boot.php(363): CodeIgniter\CodeIgniter->run()
12 SYSTEMPATH\Boot.php(68): CodeIgniter\Boot::runCodeIgniter(Object(CodeIgniter\CodeIgniter))
13 FCPATH\index.php(204): CodeIgniter\Boot::bootWeb(Object(Config\Paths))
CRITICAL - 2025-12-13 13:12:33 --> ErrorException: Undefined array key "role"
[Method: GET, Route: admin/manage_users]
in APPPATH\Controllers\User.php on line 481.
 1 APPPATH\Controllers\User.php(481): CodeIgniter\Debug\Exceptions->errorHandler(2, 'Undefined array key "role"', 'C:\\xampp\\htdocs\\ITE311-ALEJADO\\app\\Controllers\\User.php', 481)
 2 APPPATH\Controllers\User.php(82): App\Controllers\User->deleteUser('2', '1')
 3 SYSTEMPATH\CodeIgniter.php(933): App\Controllers\User->manageUsers()
 4 SYSTEMPATH\CodeIgniter.php(507): CodeIgniter\CodeIgniter->runController(Object(App\Controllers\User))
 5 SYSTEMPATH\CodeIgniter.php(354): CodeIgniter\CodeIgniter->handleRequest(null, Object(Config\Cache), false)
 6 SYSTEMPATH\Boot.php(363): CodeIgniter\CodeIgniter->run()
 7 SYSTEMPATH\Boot.php(68): CodeIgniter\Boot::runCodeIgniter(Object(CodeIgniter\CodeIgniter))
 8 FCPATH\index.php(204): CodeIgniter\Boot::bootWeb(Object(Config\Paths))
ERROR - 2025-12-13 13:18:37 --> mysqli_sql_exception: Unknown column 'academic_year' in 'field list' in C:\xampp\htdocs\ITE311-ALEJADO\system\Database\MySQLi\Connection.php:327
Stack trace:
#0 C:\xampp\htdocs\ITE311-ALEJADO\system\Database\MySQLi\Connection.php(327): mysqli->query('INSERT INTO `co...', 0)
#1 C:\xampp\htdocs\ITE311-ALEJADO\system\Database\BaseConnection.php(729): CodeIgniter\Database\MySQLi\Connection->execute('INSERT INTO `co...')
#2 C:\xampp\htdocs\ITE311-ALEJADO\system\Database\BaseConnection.php(646): CodeIgniter\Database\BaseConnection->simpleQuery('INSERT INTO `co...')
#3 C:\xampp\htdocs\ITE311-ALEJADO\system\Database\BaseBuilder.php(2345): CodeIgniter\Database\BaseConnection->query('INSERT INTO `co...', Array, false)
#4 C:\xampp\htdocs\ITE311-ALEJADO\app\Database\Seeds\CourseSeeder.php(91): CodeIgniter\Database\BaseBuilder->insert(Array)
#5 C:\xampp\htdocs\ITE311-ALEJADO\system\Database\Seeder.php(149): App\Database\Seeds\CourseSeeder->run()
#6 C:\xampp\htdocs\ITE311-ALEJADO\system\Commands\Database\Seed.php(79): CodeIgniter\Database\Seeder->call('App\\Database\\Se...')
#7 C:\xampp\htdocs\ITE311-ALEJADO\system\CLI\Commands.php(74): CodeIgniter\Commands\Database\Seed->run(Array)
#8 C:\xampp\htdocs\ITE311-ALEJADO\system\CLI\Console.php(47): CodeIgniter\CLI\Commands->run('db:seed', Array)
#9 C:\xampp\htdocs\ITE311-ALEJADO\system\Boot.php(388): CodeIgniter\CLI\Console->run()
#10 C:\xampp\htdocs\ITE311-ALEJADO\system\Boot.php(133): CodeIgniter\Boot::runCommand(Object(CodeIgniter\CLI\Console))
#11 C:\xampp\htdocs\ITE311-ALEJADO\spark(87): CodeIgniter\Boot::bootSpark(Object(Config\Paths))
#12 {main}
ERROR - 2025-12-13 13:18:53 --> mysqli_sql_exception: Unknown column 'academic_year' in 'field list' in C:\xampp\htdocs\ITE311-ALEJADO\system\Database\MySQLi\Connection.php:327
Stack trace:
#0 C:\xampp\htdocs\ITE311-ALEJADO\system\Database\MySQLi\Connection.php(327): mysqli->query('INSERT INTO `co...', 0)
#1 C:\xampp\htdocs\ITE311-ALEJADO\system\Database\BaseConnection.php(729): CodeIgniter\Database\MySQLi\Connection->execute('INSERT INTO `co...')
#2 C:\xampp\htdocs\ITE311-ALEJADO\system\Database\BaseConnection.php(646): CodeIgniter\Database\BaseConnection->simpleQuery('INSERT INTO `co...')
#3 C:\xampp\htdocs\ITE311-ALEJADO\system\Database\BaseBuilder.php(2345): CodeIgniter\Database\BaseConnection->query('INSERT INTO `co...', Array, false)
#4 C:\xampp\htdocs\ITE311-ALEJADO\app\Database\Seeds\CourseSeeder.php(91): CodeIgniter\Database\BaseBuilder->insert(Array)
#5 C:\xampp\htdocs\ITE311-ALEJADO\system\Database\Seeder.php(149): App\Database\Seeds\CourseSeeder->run()
#6 C:\xampp\htdocs\ITE311-ALEJADO\system\Commands\Database\Seed.php(79): CodeIgniter\Database\Seeder->call('App\\Database\\Se...')
#7 C:\xampp\htdocs\ITE311-ALEJADO\system\CLI\Commands.php(74): CodeIgniter\Commands\Database\Seed->run(Array)
#8 C:\xampp\htdocs\ITE311-ALEJADO\system\CLI\Console.php(47): CodeIgniter\CLI\Commands->run('db:seed', Array)
#9 C:\xampp\htdocs\ITE311-ALEJADO\system\Boot.php(388): CodeIgniter\CLI\Console->run()
#10 C:\xampp\htdocs\ITE311-ALEJADO\system\Boot.php(133): CodeIgniter\Boot::runCommand(Object(CodeIgniter\CLI\Console))
#11 C:\xampp\htdocs\ITE311-ALEJADO\spark(87): CodeIgniter\Boot::bootSpark(Object(Config\Paths))
#12 {main}
ERROR - 2025-12-13 13:19:46 --> mysqli_sql_exception: Unknown column 'category' in 'field list' in C:\xampp\htdocs\ITE311-ALEJADO\system\Database\MySQLi\Connection.php:327
Stack trace:
#0 C:\xampp\htdocs\ITE311-ALEJADO\system\Database\MySQLi\Connection.php(327): mysqli->query('INSERT INTO `co...', 0)
#1 C:\xampp\htdocs\ITE311-ALEJADO\system\Database\BaseConnection.php(729): CodeIgniter\Database\MySQLi\Connection->execute('INSERT INTO `co...')
#2 C:\xampp\htdocs\ITE311-ALEJADO\system\Database\BaseConnection.php(646): CodeIgniter\Database\BaseConnection->simpleQuery('INSERT INTO `co...')
#3 C:\xampp\htdocs\ITE311-ALEJADO\system\Database\BaseBuilder.php(2345): CodeIgniter\Database\BaseConnection->query('INSERT INTO `co...', Array, false)
#4 C:\xampp\htdocs\ITE311-ALEJADO\app\Database\Seeds\CourseSeeder.php(86): CodeIgniter\Database\BaseBuilder->insert(Array)
#5 C:\xampp\htdocs\ITE311-ALEJADO\system\Database\Seeder.php(149): App\Database\Seeds\CourseSeeder->run()
#6 C:\xampp\htdocs\ITE311-ALEJADO\system\Commands\Database\Seed.php(79): CodeIgniter\Database\Seeder->call('App\\Database\\Se...')
#7 C:\xampp\htdocs\ITE311-ALEJADO\system\CLI\Commands.php(74): CodeIgniter\Commands\Database\Seed->run(Array)
#8 C:\xampp\htdocs\ITE311-ALEJADO\system\CLI\Console.php(47): CodeIgniter\CLI\Commands->run('db:seed', Array)
#9 C:\xampp\htdocs\ITE311-ALEJADO\system\Boot.php(388): CodeIgniter\CLI\Console->run()
#10 C:\xampp\htdocs\ITE311-ALEJADO\system\Boot.php(133): CodeIgniter\Boot::runCommand(Object(CodeIgniter\CLI\Console))
#11 C:\xampp\htdocs\ITE311-ALEJADO\spark(87): CodeIgniter\Boot::bootSpark(Object(Config\Paths))
#12 {main}
ERROR - 2025-12-13 13:21:12 --> mysqli_sql_exception: Unknown column 'duration_weeks' in 'field list' in C:\xampp\htdocs\ITE311-ALEJADO\system\Database\MySQLi\Connection.php:327
Stack trace:
#0 C:\xampp\htdocs\ITE311-ALEJADO\system\Database\MySQLi\Connection.php(327): mysqli->query('INSERT INTO `co...', 0)
#1 C:\xampp\htdocs\ITE311-ALEJADO\system\Database\BaseConnection.php(729): CodeIgniter\Database\MySQLi\Connection->execute('INSERT INTO `co...')
#2 C:\xampp\htdocs\ITE311-ALEJADO\system\Database\BaseConnection.php(646): CodeIgniter\Database\BaseConnection->simpleQuery('INSERT INTO `co...')
#3 C:\xampp\htdocs\ITE311-ALEJADO\system\Database\BaseBuilder.php(2345): CodeIgniter\Database\BaseConnection->query('INSERT INTO `co...', Array, false)
#4 C:\xampp\htdocs\ITE311-ALEJADO\app\Database\Seeds\CourseSeeder.php(88): CodeIgniter\Database\BaseBuilder->insert(Array)
#5 C:\xampp\htdocs\ITE311-ALEJADO\system\Database\Seeder.php(149): App\Database\Seeds\CourseSeeder->run()
#6 C:\xampp\htdocs\ITE311-ALEJADO\system\Commands\Database\Seed.php(79): CodeIgniter\Database\Seeder->call('App\\Database\\Se...')
#7 C:\xampp\htdocs\ITE311-ALEJADO\system\CLI\Commands.php(74): CodeIgniter\Commands\Database\Seed->run(Array)
#8 C:\xampp\htdocs\ITE311-ALEJADO\system\CLI\Console.php(47): CodeIgniter\CLI\Commands->run('db:seed', Array)
#9 C:\xampp\htdocs\ITE311-ALEJADO\system\Boot.php(388): CodeIgniter\CLI\Console->run()
#10 C:\xampp\htdocs\ITE311-ALEJADO\system\Boot.php(133): CodeIgniter\Boot::runCommand(Object(CodeIgniter\CLI\Console))
#11 C:\xampp\htdocs\ITE311-ALEJADO\spark(87): CodeIgniter\Boot::bootSpark(Object(Config\Paths))
#12 {main}
ERROR - 2025-12-13 14:38:13 --> [DEBUG] managePrograms - Method: GET
ERROR - 2025-12-13 14:38:16 --> [DEBUG] managePrograms - Method: POST
ERROR - 2025-12-13 14:38:24 --> [DEBUG] managePrograms - Method: POST
ERROR - 2025-12-13 14:38:52 --> [DEBUG] managePrograms - Method: GET
ERROR - 2025-12-13 14:38:54 --> [DEBUG] managePrograms - Method: GET
ERROR - 2025-12-13 14:49:21 --> Department update failed: Failed to update department.
ERROR - 2025-12-13 15:03:29 --> Student materials browser error: Invalid file: "templates/footer.php"
ERROR - 2025-12-13 15:03:29 --> Stack trace: #0 C:\xampp\htdocs\ITE311-ALEJADO\system\View\View.php(214): CodeIgniter\Exceptions\FrameworkException::forInvalidFile('templates/foote...')
#1 C:\xampp\htdocs\ITE311-ALEJADO\system\Common.php(1167): CodeIgniter\View\View->render('templates/foote...', Array, true)
#2 C:\xampp\htdocs\ITE311-ALEJADO\app\Views\student\materials.php(303): view('templates/foote...')
#3 C:\xampp\htdocs\ITE311-ALEJADO\system\View\View.php(226): include('C:\\xampp\\htdocs...')
#4 C:\xampp\htdocs\ITE311-ALEJADO\system\View\View.php(229): CodeIgniter\View\View->CodeIgniter\View\{closure}()
#5 C:\xampp\htdocs\ITE311-ALEJADO\system\Common.php(1167): CodeIgniter\View\View->render('student/materia...', Array, true)
#6 C:\xampp\htdocs\ITE311-ALEJADO\app\Controllers\Auth.php(1209): view('student/materia...', Array)
#7 C:\xampp\htdocs\ITE311-ALEJADO\system\CodeIgniter.php(933): App\Controllers\Auth->studentMaterials()
#8 C:\xampp\htdocs\ITE311-ALEJADO\system\CodeIgniter.php(507): CodeIgniter\CodeIgniter->runController(Object(App\Controllers\Auth))
#9 C:\xampp\htdocs\ITE311-ALEJADO\system\CodeIgniter.php(354): CodeIgniter\CodeIgniter->handleRequest(NULL, Object(Config\Cache), false)
#10 C:\xampp\htdocs\ITE311-ALEJADO\system\Boot.php(363): CodeIgniter\CodeIgniter->run()
#11 C:\xampp\htdocs\ITE311-ALEJADO\system\Boot.php(68): CodeIgniter\Boot::runCodeIgniter(Object(CodeIgniter\CodeIgniter))
#12 C:\xampp\htdocs\ITE311-ALEJADO\index.php(204): CodeIgniter\Boot::bootWeb(Object(Config\Paths))
#13 {main}
ERROR - 2025-12-13 15:24:10 --> mysqli_sql_exception: Table 'lms_alejado.grades' doesn't exist in C:\xampp\htdocs\ITE311-ALEJADO\system\Database\MySQLi\Connection.php:327
Stack trace:
#0 C:\xampp\htdocs\ITE311-ALEJADO\system\Database\MySQLi\Connection.php(327): mysqli->query('SELECT COUNT(*)...', 0)
#1 C:\xampp\htdocs\ITE311-ALEJADO\system\Database\BaseConnection.php(729): CodeIgniter\Database\MySQLi\Connection->execute('SELECT COUNT(*)...')
#2 C:\xampp\htdocs\ITE311-ALEJADO\system\Database\BaseConnection.php(646): CodeIgniter\Database\BaseConnection->simpleQuery('SELECT COUNT(*)...')
#3 C:\xampp\htdocs\ITE311-ALEJADO\system\Database\BaseBuilder.php(1733): CodeIgniter\Database\BaseConnection->query('SELECT COUNT(*)...', Array, false)
#4 C:\xampp\htdocs\ITE311-ALEJADO\app\Controllers\Enrollment.php(479): CodeIgniter\Database\BaseBuilder->countAllResults()
#5 C:\xampp\htdocs\ITE311-ALEJADO\app\Controllers\Enrollment.php(118): App\Controllers\Enrollment->deleteEnrollment()
#6 C:\xampp\htdocs\ITE311-ALEJADO\system\CodeIgniter.php(933): App\Controllers\Enrollment->manageEnrollments()
#7 C:\xampp\htdocs\ITE311-ALEJADO\system\CodeIgniter.php(507): CodeIgniter\CodeIgniter->runController(Object(App\Controllers\Enrollment))
#8 C:\xampp\htdocs\ITE311-ALEJADO\system\CodeIgniter.php(354): CodeIgniter\CodeIgniter->handleRequest(NULL, Object(Config\Cache), false)
#9 C:\xampp\htdocs\ITE311-ALEJADO\system\Boot.php(363): CodeIgniter\CodeIgniter->run()
#10 C:\xampp\htdocs\ITE311-ALEJADO\system\Boot.php(68): CodeIgniter\Boot::runCodeIgniter(Object(CodeIgniter\CodeIgniter))
#11 C:\xampp\htdocs\ITE311-ALEJADO\index.php(204): CodeIgniter\Boot::bootWeb(Object(Config\Paths))
#12 {main}
CRITICAL - 2025-12-13 15:24:10 --> CodeIgniter\Database\Exceptions\DatabaseException: Table 'lms_alejado.grades' doesn't exist
[Method: POST, Route: admin/manage_enrollments]
in SYSTEMPATH\Database\BaseConnection.php on line 684.
 1 SYSTEMPATH\Database\BaseBuilder.php(1733): CodeIgniter\Database\BaseConnection->query('SELECT COUNT(*) AS `numrows`
FROM `grades`
WHERE `enrollment_id` = :enrollment_id:', [...], false)
 2 APPPATH\Controllers\Enrollment.php(479): CodeIgniter\Database\BaseBuilder->countAllResults()
 3 APPPATH\Controllers\Enrollment.php(118): App\Controllers\Enrollment->deleteEnrollment()
 4 SYSTEMPATH\CodeIgniter.php(933): App\Controllers\Enrollment->manageEnrollments()
 5 SYSTEMPATH\CodeIgniter.php(507): CodeIgniter\CodeIgniter->runController(Object(App\Controllers\Enrollment))
 6 SYSTEMPATH\CodeIgniter.php(354): CodeIgniter\CodeIgniter->handleRequest(null, Object(Config\Cache), false)
 7 SYSTEMPATH\Boot.php(363): CodeIgniter\CodeIgniter->run()
 8 SYSTEMPATH\Boot.php(68): CodeIgniter\Boot::runCodeIgniter(Object(CodeIgniter\CodeIgniter))
 9 FCPATH\index.php(204): CodeIgniter\Boot::bootWeb(Object(Config\Paths))
CRITICAL - 2025-12-13 15:24:10 --> [Caused by] CodeIgniter\Database\Exceptions\DatabaseException: Table 'lms_alejado.grades' doesn't exist
in SYSTEMPATH\Database\MySQLi\Connection.php on line 332.
 1 SYSTEMPATH\Database\BaseConnection.php(729): CodeIgniter\Database\MySQLi\Connection->execute('SELECT COUNT(*) AS `numrows`
FROM `grades`
WHERE `enrollment_id` = \'2\'')
 2 SYSTEMPATH\Database\BaseConnection.php(646): CodeIgniter\Database\BaseConnection->simpleQuery('SELECT COUNT(*) AS `numrows`
FROM `grades`
WHERE `enrollment_id` = \'2\'')
 3 SYSTEMPATH\Database\BaseBuilder.php(1733): CodeIgniter\Database\BaseConnection->query('SELECT COUNT(*) AS `numrows`
FROM `grades`
WHERE `enrollment_id` = :enrollment_id:', [...], false)
 4 APPPATH\Controllers\Enrollment.php(479): CodeIgniter\Database\BaseBuilder->countAllResults()
 5 APPPATH\Controllers\Enrollment.php(118): App\Controllers\Enrollment->deleteEnrollment()
 6 SYSTEMPATH\CodeIgniter.php(933): App\Controllers\Enrollment->manageEnrollments()
 7 SYSTEMPATH\CodeIgniter.php(507): CodeIgniter\CodeIgniter->runController(Object(App\Controllers\Enrollment))
 8 SYSTEMPATH\CodeIgniter.php(354): CodeIgniter\CodeIgniter->handleRequest(null, Object(Config\Cache), false)
 9 SYSTEMPATH\Boot.php(363): CodeIgniter\CodeIgniter->run()
10 SYSTEMPATH\Boot.php(68): CodeIgniter\Boot::runCodeIgniter(Object(CodeIgniter\CodeIgniter))
11 FCPATH\index.php(204): CodeIgniter\Boot::bootWeb(Object(Config\Paths))
CRITICAL - 2025-12-13 15:24:10 --> [Caused by] mysqli_sql_exception: Table 'lms_alejado.grades' doesn't exist
in SYSTEMPATH\Database\MySQLi\Connection.php on line 327.
 1 SYSTEMPATH\Database\MySQLi\Connection.php(327): mysqli->query('SELECT COUNT(*) AS `numrows`
FROM `grades`
WHERE `enrollment_id` = \'2\'', 0)
 2 SYSTEMPATH\Database\BaseConnection.php(729): CodeIgniter\Database\MySQLi\Connection->execute('SELECT COUNT(*) AS `numrows`
FROM `grades`
WHERE `enrollment_id` = \'2\'')
 3 SYSTEMPATH\Database\BaseConnection.php(646): CodeIgniter\Database\BaseConnection->simpleQuery('SELECT COUNT(*) AS `numrows`
FROM `grades`
WHERE `enrollment_id` = \'2\'')
 4 SYSTEMPATH\Database\BaseBuilder.php(1733): CodeIgniter\Database\BaseConnection->query('SELECT COUNT(*) AS `numrows`
FROM `grades`
WHERE `enrollment_id` = :enrollment_id:', [...], false)
 5 APPPATH\Controllers\Enrollment.php(479): CodeIgniter\Database\BaseBuilder->countAllResults()
 6 APPPATH\Controllers\Enrollment.php(118): App\Controllers\Enrollment->deleteEnrollment()
 7 SYSTEMPATH\CodeIgniter.php(933): App\Controllers\Enrollment->manageEnrollments()
 8 SYSTEMPATH\CodeIgniter.php(507): CodeIgniter\CodeIgniter->runController(Object(App\Controllers\Enrollment))
 9 SYSTEMPATH\CodeIgniter.php(354): CodeIgniter\CodeIgniter->handleRequest(null, Object(Config\Cache), false)
10 SYSTEMPATH\Boot.php(363): CodeIgniter\CodeIgniter->run()
11 SYSTEMPATH\Boot.php(68): CodeIgniter\Boot::runCodeIgniter(Object(CodeIgniter\CodeIgniter))
12 FCPATH\index.php(204): CodeIgniter\Boot::bootWeb(Object(Config\Paths))
ERROR - 2025-12-13 15:29:55 --> Enrollment error: Failed to create enrollment record
ERROR - 2025-12-13 15:35:55 --> Enrollment error: Failed to create enrollment record
ERROR - 2025-12-13 16:14:41 --> Student materials browser error: Invalid file: "templates/footer.php"
ERROR - 2025-12-13 16:14:41 --> Stack trace: #0 C:\xampp\htdocs\ITE311-ALEJADO\system\View\View.php(214): CodeIgniter\Exceptions\FrameworkException::forInvalidFile('templates/foote...')
#1 C:\xampp\htdocs\ITE311-ALEJADO\system\Common.php(1167): CodeIgniter\View\View->render('templates/foote...', Array, true)
#2 C:\xampp\htdocs\ITE311-ALEJADO\app\Views\student\materials.php(303): view('templates/foote...')
#3 C:\xampp\htdocs\ITE311-ALEJADO\system\View\View.php(226): include('C:\\xampp\\htdocs...')
#4 C:\xampp\htdocs\ITE311-ALEJADO\system\View\View.php(229): CodeIgniter\View\View->CodeIgniter\View\{closure}()
#5 C:\xampp\htdocs\ITE311-ALEJADO\system\Common.php(1167): CodeIgniter\View\View->render('student/materia...', Array, true)
#6 C:\xampp\htdocs\ITE311-ALEJADO\app\Controllers\Auth.php(1197): view('student/materia...', Array)
#7 C:\xampp\htdocs\ITE311-ALEJADO\system\CodeIgniter.php(933): App\Controllers\Auth->studentMaterials()
#8 C:\xampp\htdocs\ITE311-ALEJADO\system\CodeIgniter.php(507): CodeIgniter\CodeIgniter->runController(Object(App\Controllers\Auth))
#9 C:\xampp\htdocs\ITE311-ALEJADO\system\CodeIgniter.php(354): CodeIgniter\CodeIgniter->handleRequest(NULL, Object(Config\Cache), false)
#10 C:\xampp\htdocs\ITE311-ALEJADO\system\Boot.php(363): CodeIgniter\CodeIgniter->run()
#11 C:\xampp\htdocs\ITE311-ALEJADO\system\Boot.php(68): CodeIgniter\Boot::runCodeIgniter(Object(CodeIgniter\CodeIgniter))
#12 C:\xampp\htdocs\ITE311-ALEJADO\index.php(204): CodeIgniter\Boot::bootWeb(Object(Config\Paths))
#13 {main}
